<?xml version="1.0" encoding="UTF-8"?>
<testng-results ignored="0" total="1" passed="1" failed="0" skipped="0">
  <reporter-output>
    <line>
      <![CDATA[test1]]>
    </line>
    <line>
      <![CDATA[test2]]>
    </line>
    <line>
      <![CDATA[test3]]>
    </line>
    <line>
      <![CDATA[test4]]>
    </line>
    <line>
      <![CDATA[changes in sunb branch]]>
    </line>
    <line>
      <![CDATA[changing using github edit]]>
    </line>
    <line>
      <![CDATA[pushing code to orsigor]]>
    </line>
  </reporter-output>
  <suite started-at="2022-07-21T21:55:10 IST" name="Default suite" finished-at="2022-07-21T21:55:10 IST" duration-ms="57">
    <groups>
    </groups>
    <test started-at="2022-07-21T21:55:10 IST" name="Default test" finished-at="2022-07-21T21:55:10 IST" duration-ms="57">
      <class name="com.practice.ClassTest">
        <test-method signature="clssTest()[pri:0, instance:com.practice.ClassTest@101952da]" started-at="2022-07-21T21:55:10 IST" name="clssTest" finished-at="2022-07-21T21:55:10 IST" duration-ms="9" status="PASS">
          <reporter-output>
            <line>
              <![CDATA[test1]]>
            </line>
            <line>
              <![CDATA[test2]]>
            </line>
            <line>
              <![CDATA[test3]]>
            </line>
            <line>
              <![CDATA[test4]]>
            </line>
            <line>
              <![CDATA[changes in sunb branch]]>
            </line>
            <line>
              <![CDATA[changing using github edit]]>
            </line>
            <line>
              <![CDATA[pushing code to orsigor]]>
            </line>
          </reporter-output>
        </test-method> <!-- clssTest -->
      </class> <!-- com.practice.ClassTest -->
    </test> <!-- Default test -->
  </suite> <!-- Default suite -->
</testng-results>
